# JRE version: Java(TM) SE Runtime Environment (8.0_201-b09) (build 1.8.0_201-b09)
# Java VM: Java HotSpot(TM) 64-Bit Server VM (25.201-b09 mixed mode windows-amd64 compressed oops)
Heap:
 PSYoungGen      total 214016K, used 12962K [0x00000000d5c00000, 0x00000000e6b00000, 0x0000000100000000)
  eden space 199680K, 6% used [0x00000000d5c00000,0x00000000d68a88e0,0x00000000e1f00000)
  from space 14336K, 0% used [0x00000000e1f00000,0x00000000e1f00000,0x00000000e2d00000)
  to   space 14848K, 0% used [0x00000000e5c80000,0x00000000e5c80000,0x00000000e6b00000)
 ParOldGen       total 116224K, used 30665K [0x0000000081400000, 0x0000000088580000, 0x00000000d5c00000)
  object space 116224K, 26% used [0x0000000081400000,0x00000000831f2530,0x0000000088580000)
 Metaspace       used 57486K, capacity 60556K, committed 60672K, reserved 1101824K
  class space    used 7614K, capacity 8169K, committed 8192K, reserved 1048576K
GC Heap History (10 events):
Event: 17.614 GC heap before
{Heap before GC invocations=12 (full 2):
 PSYoungGen      total 126976K, used 118784K [0x00000000d5c00000, 0x00000000e1480000, 0x0000000100000000)
  eden space 118784K, 100% used [0x00000000d5c00000,0x00000000dd000000,0x00000000dd000000)
  from space 8192K, 0% used [0x00000000dd000000,0x00000000dd000000,0x00000000dd800000)
  to   space 9216K, 0% used [0x00000000e0b80000,0x00000000e0b80000,0x00000000e1480000)
 ParOldGen       total 74752K, used 15159K [0x0000000081400000, 0x0000000085d00000, 0x00000000d5c00000)
  object space 74752K, 20% used [0x0000000081400000,0x00000000822cdf58,0x0000000085d00000)
 Metaspace       used 37573K, capacity 39460K, committed 39680K, reserved 1083392K
  class space    used 4910K, capacity 5266K, committed 5376K, reserved 1048576K
Event: 17.629 GC heap after
Heap after GC invocations=12 (full 2):
 PSYoungGen      total 163840K, used 7453K [0x00000000d5c00000, 0x00000000e1300000, 0x0000000100000000)
  eden space 156160K, 0% used [0x00000000d5c00000,0x00000000d5c00000,0x00000000df480000)
  from space 7680K, 97% used [0x00000000e0b80000,0x00000000e12c7500,0x00000000e1300000)
  to   space 9728K, 0% used [0x00000000e0000000,0x00000000e0000000,0x00000000e0980000)
 ParOldGen       total 74752K, used 15167K [0x0000000081400000, 0x0000000085d00000, 0x00000000d5c00000)
  object space 74752K, 20% used [0x0000000081400000,0x00000000822cff58,0x0000000085d00000)
 Metaspace       used 37573K, capacity 39460K, committed 39680K, reserved 1083392K
  class space    used 4910K, capacity 5266K, committed 5376K, reserved 1048576K
}
Event: 32.088 GC heap before
{Heap before GC invocations=13 (full 2):
 PSYoungGen      total 163840K, used 163613K [0x00000000d5c00000, 0x00000000e1300000, 0x0000000100000000)
  eden space 156160K, 100% used [0x00000000d5c00000,0x00000000df480000,0x00000000df480000)
  from space 7680K, 97% used [0x00000000e0b80000,0x00000000e12c7500,0x00000000e1300000)
  to   space 9728K, 0% used [0x00000000e0000000,0x00000000e0000000,0x00000000e0980000)
 ParOldGen       total 74752K, used 15167K [0x0000000081400000, 0x0000000085d00000, 0x00000000d5c00000)
  object space 74752K, 20% used [0x0000000081400000,0x00000000822cff58,0x0000000085d00000)
 Metaspace       used 47964K, capacity 50208K, committed 50560K, reserved 1093632K
  class space    used 6353K, capacity 6784K, committed 6784K, reserved 1048576K
Event: 32.129 GC heap after
Heap after GC invocations=13 (full 2):
 PSYoungGen      total 177664K, used 9705K [0x00000000d5c00000, 0x00000000e3b80000, 0x0000000100000000)
  eden space 167936K, 0% used [0x00000000d5c00000,0x00000000d5c00000,0x00000000e0000000)
  from space 9728K, 99% used [0x00000000e0000000,0x00000000e097a620,0x00000000e0980000)
  to   space 14848K, 0% used [0x00000000e2d00000,0x00000000e2d00000,0x00000000e3b80000)
 ParOldGen       total 74752K, used 27375K [0x0000000081400000, 0x0000000085d00000, 0x00000000d5c00000)
  object space 74752K, 36% used [0x0000000081400000,0x0000000082ebbff8,0x0000000085d00000)
 Metaspace       used 47964K, capacity 50208K, committed 50560K, reserved 1093632K
  class space    used 6353K, capacity 6784K, committed 6784K, reserved 1048576K
}
Event: 40.199 GC heap before
{Heap before GC invocations=14 (full 2):
 PSYoungGen      total 177664K, used 177641K [0x00000000d5c00000, 0x00000000e3b80000, 0x0000000100000000)
  eden space 167936K, 100% used [0x00000000d5c00000,0x00000000e0000000,0x00000000e0000000)
  from space 9728K, 99% used [0x00000000e0000000,0x00000000e097a620,0x00000000e0980000)
  to   space 14848K, 0% used [0x00000000e2d00000,0x00000000e2d00000,0x00000000e3b80000)
 ParOldGen       total 74752K, used 27375K [0x0000000081400000, 0x0000000085d00000, 0x00000000d5c00000)
  object space 74752K, 36% used [0x0000000081400000,0x0000000082ebbff8,0x0000000085d00000)
 Metaspace       used 50795K, capacity 53652K, committed 53888K, reserved 1095680K
  class space    used 6792K, capacity 7288K, committed 7296K, reserved 1048576K
Event: 40.277 GC heap after
Heap after GC invocations=14 (full 2):
 PSYoungGen      total 214528K, used 7181K [0x00000000d5c00000, 0x00000000e4600000, 0x0000000100000000)
  eden space 199680K, 0% used [0x00000000d5c00000,0x00000000d5c00000,0x00000000e1f00000)
  from space 14848K, 48% used [0x00000000e2d00000,0x00000000e3403788,0x00000000e3b80000)
  to   space 14336K, 0% used [0x00000000e1f00000,0x00000000e1f00000,0x00000000e2d00000)
 ParOldGen       total 74752K, used 36921K [0x0000000081400000, 0x0000000085d00000, 0x00000000d5c00000)
  object space 74752K, 49% used [0x0000000081400000,0x000000008380e480,0x0000000085d00000)
 Metaspace       used 50795K, capacity 53652K, committed 53888K, reserved 1095680K
  class space    used 6792K, capacity 7288K, committed 7296K, reserved 1048576K
}
Event: 44.287 GC heap before
{Heap before GC invocations=15 (full 2):
 PSYoungGen      total 214528K, used 169643K [0x00000000d5c00000, 0x00000000e4600000, 0x0000000100000000)
  eden space 199680K, 81% used [0x00000000d5c00000,0x00000000dfaa75b8,0x00000000e1f00000)
  from space 14848K, 48% used [0x00000000e2d00000,0x00000000e3403788,0x00000000e3b80000)
  to   space 14336K, 0% used [0x00000000e1f00000,0x00000000e1f00000,0x00000000e2d00000)
 ParOldGen       total 74752K, used 36921K [0x0000000081400000, 0x0000000085d00000, 0x00000000d5c00000)
  object space 74752K, 49% used [0x0000000081400000,0x000000008380e480,0x0000000085d00000)
 Metaspace       used 56104K, capacity 59066K, committed 59160K, reserved 1099776K
  class space    used 7470K, capacity 8000K, committed 8064K, reserved 1048576K
Event: 44.324 GC heap after
Heap after GC invocations=15 (full 2):
 PSYoungGen      total 214016K, used 10293K [0x00000000d5c00000, 0x00000000e6b00000, 0x0000000100000000)
  eden space 199680K, 0% used [0x00000000d5c00000,0x00000000d5c00000,0x00000000e1f00000)
  from space 14336K, 71% used [0x00000000e1f00000,0x00000000e290d540,0x00000000e2d00000)
  to   space 14848K, 0% used [0x00000000e5c80000,0x00000000e5c80000,0x00000000e6b00000)
 ParOldGen       total 74752K, used 36921K [0x0000000081400000, 0x0000000085d00000, 0x00000000d5c00000)
  object space 74752K, 49% used [0x0000000081400000,0x000000008380e480,0x0000000085d00000)
 Metaspace       used 56104K, capacity 59066K, committed 59160K, reserved 1099776K
  class space    used 7470K, capacity 8000K, committed 8064K, reserved 1048576K
}
Event: 44.324 GC heap before
{Heap before GC invocations=16 (full 3):
 PSYoungGen      total 214016K, used 10293K [0x00000000d5c00000, 0x00000000e6b00000, 0x0000000100000000)
  eden space 199680K, 0% used [0x00000000d5c00000,0x00000000d5c00000,0x00000000e1f00000)
  from space 14336K, 71% used [0x00000000e1f00000,0x00000000e290d540,0x00000000e2d00000)
  to   space 14848K, 0% used [0x00000000e5c80000,0x00000000e5c80000,0x00000000e6b00000)
 ParOldGen       total 74752K, used 36921K [0x0000000081400000, 0x0000000085d00000, 0x00000000d5c00000)
  object space 74752K, 49% used [0x0000000081400000,0x000000008380e480,0x0000000085d00000)
 Metaspace       used 56104K, capacity 59066K, committed 59160K, reserved 1099776K
  class space    used 7470K, capacity 8000K, committed 8064K, reserved 1048576K
Event: 44.759 GC heap after
Heap after GC invocations=16 (full 3):
 PSYoungGen      total 214016K, used 0K [0x00000000d5c00000, 0x00000000e6b00000, 0x0000000100000000)
  eden space 199680K, 0% used [0x00000000d5c00000,0x00000000d5c00000,0x00000000e1f00000)
  from space 14336K, 0% used [0x00000000e1f00000,0x00000000e1f00000,0x00000000e2d00000)
  to   space 14848K, 0% used [0x00000000e5c80000,0x00000000e5c80000,0x00000000e6b00000)
 ParOldGen       total 116224K, used 30665K [0x0000000081400000, 0x0000000088580000, 0x00000000d5c00000)
  object space 116224K, 26% used [0x0000000081400000,0x00000000831f2530,0x0000000088580000)
 Metaspace       used 56104K, capacity 59066K, committed 59160K, reserved 1099776K
  class space    used 7470K, capacity 8000K, committed 8064K, reserved 1048576K
}

